<?xml version="1.0" encoding="UTF-8"?>
<testsuite xmlns:xsi="http://www.w3.org/2001/XMLSchema-instance" xsi:noNamespaceSchemaLocation="https://maven.apache.org/surefire/maven-surefire-plugin/xsd/surefire-test-report-3.0.xsd" version="3.0" name="com.example.model_predict.ModelPredictApplicationTests" time="2.74" tests="1" errors="0" skipped="0" failures="0">
  <properties>
[...]
</properties>
  <testcase name="contextLoads" classname="com.example.model_predict.ModelPredictApplicationTests" time="0.435">
    <system-out><![CDATA[16:33:44.033 [main] INFO org.springframework.test.context.support.AnnotationConfigContextLoaderUtils -- Could not detect default configuration classes for test class [com.example.model_predict.ModelPredictApplicationTests]: ModelPredictApplicationTests does not declare any static, non-private, non-final, nested classes annotated with @Configuration.
16:33:44.079 [main] INFO org.springframework.boot.test.context.SpringBootTestContextBootstrapper -- Found @SpringBootConfiguration com.example.model_predict.ModelPredictApplication for test class com.example.model_predict.ModelPredictApplicationTests

  .   ____          _            __ _ _
 /\\ / ___'_ __ _ _(_)_ __  __ _ \ \ \ \
( ( )\___ | '_ | '_| | '_ \/ _` | \ \ \ \
 \\/  ___)| |_)| | | | | || (_| |  ) ) ) )
  '  |____| .__|_| |_|_| |_\__, | / / / /
 =========|_|==============|___/=/_/_/_/

 :: Spring Boot ::                (v3.3.2)

2025-06-20T16:33:44.270+08:00  INFO 23295 --- [model_predict] [           main] c.e.m.ModelPredictApplicationTests       : Starting ModelPredictApplicationTests using Java 17.0.12 with PID 23295 (started by root in /mnt/undergrad/workspace/Hydra_backend/model_predict)
2025-06-20T16:33:44.271+08:00  INFO 23295 --- [model_predict] [           main] c.e.m.ModelPredictApplicationTests       : No active profile set, falling back to 1 default profile: "default"
2025-06-20T16:33:45.032+08:00  WARN 23295 --- [model_predict] [           main] .s.s.UserDetailsServiceAutoConfiguration : 

Using generated security password: c046ed99-125a-4c44-965e-9d6976e16d31

This generated password is for development use only. Your security configuration must be updated before running your application in production.

2025-06-20T16:33:45.196+08:00  WARN 23295 --- [model_predict] [           main] r$InitializeUserDetailsManagerConfigurer : Global AuthenticationManager configured with an AuthenticationProvider bean. UserDetailsService beans will not be used for username/password login. Consider removing the AuthenticationProvider bean. Alternatively, consider using the UserDetailsService in a manually instantiated DaoAuthenticationProvider.
2025-06-20T16:33:45.942+08:00 DEBUG 23295 --- [model_predict] [           main] o.s.s.web.DefaultSecurityFilterChain     : Will secure any request with filters: DisableEncodeUrlFilter, WebAsyncManagerIntegrationFilter, SecurityContextHolderFilter, HeaderWriterFilter, CorsFilter, LogoutFilter, RequestCacheAwareFilter, SecurityContextHolderAwareRequestFilter, AnonymousAuthenticationFilter, ExceptionTranslationFilter, AuthorizationFilter
2025-06-20T16:33:46.252+08:00  INFO 23295 --- [model_predict] [           main] c.e.m.ModelPredictApplicationTests       : Started ModelPredictApplicationTests in 2.107 seconds (process running for 2.521)
]]></system-out>
  </testcase>
</testsuite>